0 info it worked if it ends with ok
1 verbose cli [ '/home/ec2-user/.nvm/versions/node/v6.11.5/bin/node',
1 verbose cli   '/home/ec2-user/.nvm/versions/node/v6.11.5/bin/npm',
1 verbose cli   'start',
1 verbose cli   '--',
1 verbose cli   'start',
1 verbose cli   '--no-viewer' ]
2 info using npm@3.10.10
3 info using node@v6.11.5
4 verbose run-script [ 'prestart', 'start', 'poststart' ]
5 info lifecycle @battlecode/battlehack17@1.0.0~prestart: @battlecode/battlehack17@1.0.0
6 silly lifecycle @battlecode/battlehack17@1.0.0~prestart: no script for prestart, continuing
7 info lifecycle @battlecode/battlehack17@1.0.0~start: @battlecode/battlehack17@1.0.0
8 verbose lifecycle @battlecode/battlehack17@1.0.0~start: unsafe-perm in lifecycle true
9 verbose lifecycle @battlecode/battlehack17@1.0.0~start: PATH: /home/ec2-user/.nvm/versions/node/v6.11.5/lib/node_modules/npm/bin/node-gyp-bin:/home/ec2-user/battlecode-hackathon/server/node_modules/.bin:/home/ec2-user/.nvm/versions/node/v6.11.5/bin:/usr/local/bin:/bin:/usr/bin:/usr/local/sbin:/usr/sbin:/sbin:/opt/aws/bin:/home/ec2-user/.local/bin:/home/ec2-user/bin
10 verbose lifecycle @battlecode/battlehack17@1.0.0~start: CWD: /home/ec2-user/battlecode-hackathon/server
11 silly lifecycle @battlecode/battlehack17@1.0.0~start: Args: [ '-c',
11 silly lifecycle   'npm run build && node dist/src/cli/cli.js "start" "--no-viewer"' ]
12 silly lifecycle @battlecode/battlehack17@1.0.0~start: Returned: code: 1  signal: null
13 info lifecycle @battlecode/battlehack17@1.0.0~start: Failed to exec start script
14 verbose stack Error: @battlecode/battlehack17@1.0.0 start: `npm run build && node dist/src/cli/cli.js "start" "--no-viewer"`
14 verbose stack Exit status 1
14 verbose stack     at EventEmitter.<anonymous> (/home/ec2-user/.nvm/versions/node/v6.11.5/lib/node_modules/npm/lib/utils/lifecycle.js:255:16)
14 verbose stack     at emitTwo (events.js:106:13)
14 verbose stack     at EventEmitter.emit (events.js:191:7)
14 verbose stack     at ChildProcess.<anonymous> (/home/ec2-user/.nvm/versions/node/v6.11.5/lib/node_modules/npm/lib/utils/spawn.js:40:14)
14 verbose stack     at emitTwo (events.js:106:13)
14 verbose stack     at ChildProcess.emit (events.js:191:7)
14 verbose stack     at maybeClose (internal/child_process.js:920:16)
14 verbose stack     at Process.ChildProcess._handle.onexit (internal/child_process.js:230:5)
15 verbose pkgid @battlecode/battlehack17@1.0.0
16 verbose cwd /home/ec2-user/battlecode-hackathon/server/src
17 error Linux 4.9.58-18.55.amzn1.x86_64
18 error argv "/home/ec2-user/.nvm/versions/node/v6.11.5/bin/node" "/home/ec2-user/.nvm/versions/node/v6.11.5/bin/npm" "start" "--" "start" "--no-viewer"
19 error node v6.11.5
20 error npm  v3.10.10
21 error code ELIFECYCLE
22 error @battlecode/battlehack17@1.0.0 start: `npm run build && node dist/src/cli/cli.js "start" "--no-viewer"`
22 error Exit status 1
23 error Failed at the @battlecode/battlehack17@1.0.0 start script 'npm run build && node dist/src/cli/cli.js "start" "--no-viewer"'.
23 error Make sure you have the latest version of node.js and npm installed.
23 error If you do, this is most likely a problem with the @battlecode/battlehack17 package,
23 error not with npm itself.
23 error Tell the author that this fails on your system:
23 error     npm run build && node dist/src/cli/cli.js "start" "--no-viewer"
23 error You can get information on how to open an issue for this project with:
23 error     npm bugs @battlecode/battlehack17
23 error Or if that isn't available, you can get their info via:
23 error     npm owner ls @battlecode/battlehack17
23 error There is likely additional logging output above.
24 verbose exit [ 1, true ]
